<?xml version="1.0" encoding="UTF-8"?>
<!-- Generated by org.testng.reporters.JUnitReportReporter -->
<testsuite skipped="0" hostname="DESKTOP-JU50R2B" name="testcases.Logintest" tests="3" failures="0" timestamp="03 Mar 2019 06:23:16 GMT" time="48.526" errors="0">
  <testcase name="logotest" time="9.741" classname="testcases.Logintest"/>
  <testcase name="titletest" time="10.921" classname="testcases.Logintest"/>
  <testcase name="logintest" time="27.864" classname="testcases.Logintest"/>
</testsuite> <!-- testcases.Logintest -->
