<?xml version="1.0" encoding="UTF-8"?>
<!-- Generated by org.testng.reporters.JUnitReportReporter -->
<testsuite skipped="0" hostname="DESKTOP-JU50R2B" name="testcases.Homepagetest" tests="3" failures="0" timestamp="03 Mar 2019 06:23:16 GMT" time="80.207" errors="0">
  <testcase name="homepagetitletest" time="24.128" classname="testcases.Homepagetest"/>
  <testcase name="homepageuser" time="21.561" classname="testcases.Homepagetest"/>
  <testcase name="contactlinktest" time="34.518" classname="testcases.Homepagetest"/>
</testsuite> <!-- testcases.Homepagetest -->
