<?xml version="1.0" encoding="UTF-8"?>
<!-- Generated by org.testng.reporters.JUnitReportReporter -->
<testsuite skipped="0" hostname="DESKTOP-JU50R2B" name="testcases.ContactPageTest" tests="4" failures="0" timestamp="27 Feb 2019 06:16:26 GMT" time="189.082" errors="0">
  <testcase name="testcontactlable" time="25.967" classname="testcases.ContactPageTest"/>
  <testcase name="createncontact" time="66.365" classname="testcases.ContactPageTest"/>
  <testcase name="createncontact" time="53.678" classname="testcases.ContactPageTest"/>
  <testcase name="createncontact" time="43.072" classname="testcases.ContactPageTest"/>
</testsuite> <!-- testcases.ContactPageTest -->
