<?xml version="1.0" encoding="UTF-8"?>
<!-- Generated by org.testng.reporters.JUnitReportReporter -->
<testsuite skipped="0" hostname="DESKTOP-JU50R2B" name="testcases.Homepagetest" tests="3" failures="0" timestamp="27 Feb 2019 06:16:26 GMT" time="161.000" errors="0">
  <testcase name="homepagetitletest" time="37.824" classname="testcases.Homepagetest"/>
  <testcase name="homepageuser" time="91.714" classname="testcases.Homepagetest"/>
  <testcase name="contactlinktest" time="31.462" classname="testcases.Homepagetest"/>
</testsuite> <!-- testcases.Homepagetest -->
